2019-05-31 22:54:29 INFO  by.epam.multithreading.reader.DataFileReader:23 - File at data/matrix_data was read.
2019-05-31 22:54:29 INFO  by.epam.multithreading.Application:24 - 
0 25 25 25 25 25 
25 0 25 25 25 25 
25 25 0 25 25 25 
25 25 25 0 25 25 
25 25 25 25 0 25 
25 25 25 25 25 0 
 was initialized.
2019-05-31 22:54:29 INFO  by.epam.multithreading.reader.DataFileReader:23 - File at data/threads_data was read.
2019-05-31 22:54:29 DEBUG by.epam.multithreading.matrix.Matrix:72 - Cell at [0][0] pulled
2019-05-31 22:54:29 INFO  by.epam.multithreading.thread.DiagonalChangerThread:32 - Matrix cell was initialized with 1
2019-05-31 22:54:29 DEBUG by.epam.multithreading.matrix.Matrix:72 - Cell at [1][1] pulled
2019-05-31 22:54:29 INFO  by.epam.multithreading.thread.DiagonalChangerThread:32 - Matrix cell was initialized with 2
2019-05-31 22:54:29 DEBUG by.epam.multithreading.matrix.Matrix:72 - Cell at [2][2] pulled
2019-05-31 22:54:29 INFO  by.epam.multithreading.thread.DiagonalChangerThread:32 - Matrix cell was initialized with 3
2019-05-31 22:54:29 DEBUG by.epam.multithreading.matrix.Matrix:72 - Cell at [3][3] pulled
2019-05-31 22:54:29 INFO  by.epam.multithreading.thread.DiagonalChangerThread:32 - Matrix cell was initialized with 4
2019-05-31 22:54:29 DEBUG by.epam.multithreading.matrix.Matrix:72 - Cell at [4][4] pulled
2019-05-31 22:54:29 INFO  by.epam.multithreading.thread.DiagonalChangerThread:32 - Matrix cell was initialized with 4
2019-05-31 22:54:29 DEBUG by.epam.multithreading.matrix.Matrix:72 - Cell at [5][5] pulled
2019-05-31 22:54:29 INFO  by.epam.multithreading.thread.DiagonalChangerThread:39 - pool-2-thread-3 finished
2019-05-31 22:54:29 INFO  by.epam.multithreading.thread.DiagonalChangerThread:39 - pool-2-thread-2 finished
2019-05-31 22:54:29 INFO  by.epam.multithreading.thread.DiagonalChangerThread:32 - Matrix cell was initialized with 1
2019-05-31 22:54:29 INFO  by.epam.multithreading.thread.DiagonalChangerThread:39 - pool-2-thread-4 finished
2019-05-31 22:54:29 INFO  by.epam.multithreading.thread.DiagonalChangerThread:39 - pool-2-thread-1 finished
2019-05-31 22:54:29 INFO  by.epam.multithreading.Application:30 - 
1 25 25 25 25 25 
25 2 25 25 25 25 
25 25 3 25 25 25 
25 25 25 4 25 25 
25 25 25 25 4 25 
25 25 25 25 25 1 
 was updated.
2019-05-31 22:54:40 INFO  by.epam.multithreading.reader.DataFileReader:23 - File at data/matrix_data was read.
2019-05-31 22:54:40 INFO  by.epam.multithreading.Application:24 - 
0 25 25 25 25 25 
25 0 25 25 25 25 
25 25 0 25 25 25 
25 25 25 0 25 25 
25 25 25 25 0 25 
25 25 25 25 25 0 
 was initialized.
2019-05-31 22:54:40 INFO  by.epam.multithreading.reader.DataFileReader:23 - File at data/threads_data was read.
2019-05-31 22:54:40 DEBUG by.epam.multithreading.matrix.Matrix:72 - Cell at [0][0] pulled
2019-05-31 22:54:40 INFO  by.epam.multithreading.thread.DiagonalChangerThread:32 - Matrix cell was initialized with 1
2019-05-31 22:54:40 DEBUG by.epam.multithreading.matrix.Matrix:72 - Cell at [1][1] pulled
2019-05-31 22:54:40 INFO  by.epam.multithreading.thread.DiagonalChangerThread:32 - Matrix cell was initialized with 2
2019-05-31 22:54:40 DEBUG by.epam.multithreading.matrix.Matrix:72 - Cell at [2][2] pulled
2019-05-31 22:54:40 INFO  by.epam.multithreading.thread.DiagonalChangerThread:32 - Matrix cell was initialized with 3
2019-05-31 22:54:40 DEBUG by.epam.multithreading.matrix.Matrix:72 - Cell at [3][3] pulled
2019-05-31 22:54:40 INFO  by.epam.multithreading.thread.DiagonalChangerThread:32 - Matrix cell was initialized with 4
2019-05-31 22:54:40 DEBUG by.epam.multithreading.matrix.Matrix:72 - Cell at [4][4] pulled
2019-05-31 22:54:40 INFO  by.epam.multithreading.thread.DiagonalChangerThread:32 - Matrix cell was initialized with 4
2019-05-31 22:54:40 DEBUG by.epam.multithreading.matrix.Matrix:72 - Cell at [5][5] pulled
2019-05-31 22:54:40 INFO  by.epam.multithreading.thread.DiagonalChangerThread:39 - pool-2-thread-2 finished
2019-05-31 22:54:40 INFO  by.epam.multithreading.thread.DiagonalChangerThread:39 - pool-2-thread-1 finished
2019-05-31 22:54:40 INFO  by.epam.multithreading.thread.DiagonalChangerThread:32 - Matrix cell was initialized with 3
2019-05-31 22:54:40 INFO  by.epam.multithreading.thread.DiagonalChangerThread:39 - pool-2-thread-4 finished
2019-05-31 22:54:40 INFO  by.epam.multithreading.thread.DiagonalChangerThread:39 - pool-2-thread-3 finished
2019-05-31 22:54:40 INFO  by.epam.multithreading.Application:30 - 
1 25 25 25 25 25 
25 2 25 25 25 25 
25 25 3 25 25 25 
25 25 25 4 25 25 
25 25 25 25 4 25 
25 25 25 25 25 3 
 was updated.
2019-05-31 22:58:05 INFO  by.epam.multithreading.reader.DataFileReader:23 - File at data/matrix_data was read.
2019-05-31 22:58:05 INFO  by.epam.multithreading.Application:24 - 
0 25 25 25 25 25 
25 0 25 25 25 25 
25 25 0 25 25 25 
25 25 25 0 25 25 
25 25 25 25 0 25 
25 25 25 25 25 0 
 was initialized.
2019-05-31 22:58:05 INFO  by.epam.multithreading.reader.DataFileReader:23 - File at data/threads_data was read.
2019-05-31 22:58:05 DEBUG by.epam.multithreading.matrix.Matrix:53 - Cell at [0][0] was changed
2019-05-31 22:58:05 INFO  by.epam.multithreading.thread.DiagonalChangerThread:32 - Matrix cell was initialized with 1
2019-05-31 22:58:05 DEBUG by.epam.multithreading.matrix.Matrix:53 - Cell at [1][1] was changed
2019-05-31 22:58:05 INFO  by.epam.multithreading.thread.DiagonalChangerThread:32 - Matrix cell was initialized with 3
2019-05-31 22:58:05 DEBUG by.epam.multithreading.matrix.Matrix:53 - Cell at [2][2] was changed
2019-05-31 22:58:05 INFO  by.epam.multithreading.thread.DiagonalChangerThread:32 - Matrix cell was initialized with 2
2019-05-31 22:58:05 DEBUG by.epam.multithreading.matrix.Matrix:53 - Cell at [3][3] was changed
2019-05-31 22:58:05 INFO  by.epam.multithreading.thread.DiagonalChangerThread:32 - Matrix cell was initialized with 4
2019-05-31 22:58:05 DEBUG by.epam.multithreading.matrix.Matrix:53 - Cell at [4][4] was changed
2019-05-31 22:58:05 DEBUG by.epam.multithreading.matrix.Matrix:53 - Cell at [5][5] was changed
2019-05-31 22:58:05 INFO  by.epam.multithreading.thread.DiagonalChangerThread:32 - Matrix cell was initialized with 4
2019-05-31 22:58:05 INFO  by.epam.multithreading.thread.DiagonalChangerThread:32 - Matrix cell was initialized with 2
2019-05-31 22:58:05 INFO  by.epam.multithreading.thread.DiagonalChangerThread:39 - pool-2-thread-1 finished
2019-05-31 22:58:05 INFO  by.epam.multithreading.thread.DiagonalChangerThread:39 - pool-2-thread-3 finished
2019-05-31 22:58:05 INFO  by.epam.multithreading.thread.DiagonalChangerThread:39 - pool-2-thread-2 finished
2019-05-31 22:58:05 INFO  by.epam.multithreading.thread.DiagonalChangerThread:39 - pool-2-thread-4 finished
2019-05-31 22:58:05 INFO  by.epam.multithreading.Application:30 - 
1 25 25 25 25 25 
25 3 25 25 25 25 
25 25 2 25 25 25 
25 25 25 4 25 25 
25 25 25 25 4 25 
25 25 25 25 25 2 
 was updated.
2019-05-31 23:08:27 INFO  by.epam.multithreading.reader.DataFileReader:23 - File at data/matrix_data was read.
2019-05-31 23:08:27 INFO  by.epam.multithreading.Application:24 - 
0 25 25 25 25 25 
25 0 25 25 25 25 
25 25 0 25 25 25 
25 25 25 0 25 25 
25 25 25 25 0 25 
25 25 25 25 25 0 
 was initialized.
2019-05-31 23:08:27 INFO  by.epam.multithreading.reader.DataFileReader:23 - File at data/threads_data was read.
2019-05-31 23:08:27 DEBUG by.epam.multithreading.matrix.Matrix:53 - Cell at [0][0] was changed
2019-05-31 23:08:27 INFO  by.epam.multithreading.thread.DiagonalChangerThread:31 - Matrix cell was initialized with 1
2019-05-31 23:08:27 DEBUG by.epam.multithreading.matrix.Matrix:53 - Cell at [1][1] was changed
2019-05-31 23:08:27 INFO  by.epam.multithreading.thread.DiagonalChangerThread:31 - Matrix cell was initialized with 2
2019-05-31 23:08:27 DEBUG by.epam.multithreading.matrix.Matrix:53 - Cell at [2][2] was changed
2019-05-31 23:08:27 INFO  by.epam.multithreading.thread.DiagonalChangerThread:31 - Matrix cell was initialized with 4
2019-05-31 23:08:27 DEBUG by.epam.multithreading.matrix.Matrix:53 - Cell at [3][3] was changed
2019-05-31 23:08:27 INFO  by.epam.multithreading.thread.DiagonalChangerThread:31 - Matrix cell was initialized with 3
2019-05-31 23:08:27 DEBUG by.epam.multithreading.matrix.Matrix:53 - Cell at [4][4] was changed
2019-05-31 23:08:27 DEBUG by.epam.multithreading.matrix.Matrix:53 - Cell at [5][5] was changed
2019-05-31 23:08:27 INFO  by.epam.multithreading.thread.DiagonalChangerThread:31 - Matrix cell was initialized with 3
2019-05-31 23:08:27 INFO  by.epam.multithreading.thread.DiagonalChangerThread:31 - Matrix cell was initialized with 2
2019-05-31 23:08:27 INFO  by.epam.multithreading.thread.DiagonalChangerThread:38 - pool-2-thread-1 finished
2019-05-31 23:08:27 INFO  by.epam.multithreading.thread.DiagonalChangerThread:38 - pool-2-thread-4 finished
2019-05-31 23:08:27 INFO  by.epam.multithreading.thread.DiagonalChangerThread:38 - pool-2-thread-2 finished
2019-05-31 23:08:27 INFO  by.epam.multithreading.thread.DiagonalChangerThread:38 - pool-2-thread-3 finished
2019-05-31 23:08:27 INFO  by.epam.multithreading.Application:30 - 
1 25 25 25 25 25 
25 2 25 25 25 25 
25 25 4 25 25 25 
25 25 25 3 25 25 
25 25 25 25 3 25 
25 25 25 25 25 2 
 was updated.
2019-05-31 23:09:40 INFO  by.epam.multithreading.reader.DataFileReader:23 - File at data/matrix_data was read.
2019-05-31 23:09:40 INFO  by.epam.multithreading.Application:24 - 
0 25 25 25 25 25 
25 0 25 25 25 25 
25 25 0 25 25 25 
25 25 25 0 25 25 
25 25 25 25 0 25 
25 25 25 25 25 0 
 was initialized.
2019-05-31 23:09:40 INFO  by.epam.multithreading.reader.DataFileReader:23 - File at data/threads_data was read.
2019-05-31 23:09:40 INFO  by.epam.multithreading.matrix.Matrix:53 - Cell at [0][0] was changed
2019-05-31 23:09:40 INFO  by.epam.multithreading.thread.DiagonalChangerThread:31 - Matrix cell was initialized with 1
2019-05-31 23:09:40 INFO  by.epam.multithreading.matrix.Matrix:53 - Cell at [1][1] was changed
2019-05-31 23:09:40 INFO  by.epam.multithreading.thread.DiagonalChangerThread:31 - Matrix cell was initialized with 2
2019-05-31 23:09:40 INFO  by.epam.multithreading.matrix.Matrix:53 - Cell at [2][2] was changed
2019-05-31 23:09:40 INFO  by.epam.multithreading.thread.DiagonalChangerThread:31 - Matrix cell was initialized with 3
2019-05-31 23:09:40 INFO  by.epam.multithreading.matrix.Matrix:53 - Cell at [3][3] was changed
2019-05-31 23:09:40 INFO  by.epam.multithreading.thread.DiagonalChangerThread:31 - Matrix cell was initialized with 4
2019-05-31 23:09:40 INFO  by.epam.multithreading.matrix.Matrix:53 - Cell at [4][4] was changed
2019-05-31 23:09:40 INFO  by.epam.multithreading.matrix.Matrix:53 - Cell at [5][5] was changed
2019-05-31 23:09:40 INFO  by.epam.multithreading.thread.DiagonalChangerThread:31 - Matrix cell was initialized with 4
2019-05-31 23:09:40 INFO  by.epam.multithreading.thread.DiagonalChangerThread:31 - Matrix cell was initialized with 1
2019-05-31 23:09:40 INFO  by.epam.multithreading.thread.DiagonalChangerThread:38 - pool-2-thread-3 finished
2019-05-31 23:09:40 INFO  by.epam.multithreading.thread.DiagonalChangerThread:38 - pool-2-thread-2 finished
2019-05-31 23:09:40 INFO  by.epam.multithreading.thread.DiagonalChangerThread:38 - pool-2-thread-1 finished
2019-05-31 23:09:40 INFO  by.epam.multithreading.thread.DiagonalChangerThread:38 - pool-2-thread-4 finished
2019-05-31 23:09:40 INFO  by.epam.multithreading.Application:30 - 
1 25 25 25 25 25 
25 2 25 25 25 25 
25 25 3 25 25 25 
25 25 25 4 25 25 
25 25 25 25 4 25 
25 25 25 25 25 1 
 was updated.
